  stdafx.cpp
  Vrep.cpp
c:\users\marie\documents\visual studio 2015\projects\2weels1arm\2whells1arm\vrep.cpp(60): warning C4018: '<': signed/unsigned mismatch
  Robot.cpp
c:\users\marie\documents\visual studio 2015\projects\2weels1arm\2whells1arm\robot.cpp(19): warning C4244: '=': conversion from 'float' to 'simxInt', possible loss of data
c:\users\marie\documents\visual studio 2015\projects\2weels1arm\2whells1arm\robot.cpp(20): warning C4244: '=': conversion from 'float' to 'simxInt', possible loss of data
c:\users\marie\documents\visual studio 2015\projects\2weels1arm\2whells1arm\robot.cpp(21): warning C4244: '=': conversion from 'float' to 'simxInt', possible loss of data
c:\users\marie\documents\visual studio 2015\projects\2weels1arm\2whells1arm\robot.cpp(23): warning C4244: '=': conversion from 'float' to 'simxInt', possible loss of data
c:\users\marie\documents\visual studio 2015\projects\2weels1arm\2whells1arm\robot.cpp(24): warning C4244: '=': conversion from 'float' to 'simxInt', possible loss of data
c:\users\marie\documents\visual studio 2015\projects\2weels1arm\2whells1arm\robot.cpp(25): warning C4244: '=': conversion from 'float' to 'simxInt', possible loss of data
  logConf.cpp
  FileManager.cpp
  App.cpp
  AlgoGen.cpp
  2Whells1Arm.cpp
  Generating Code...
Vrep.obj : error LNK2019: unresolved external symbol _extApi_sleepMs referenced in function "public: void __thiscall Vrep::execRobot(class Robot &)" (?execRobot@Vrep@@QAEXAAVRobot@@@Z)
Vrep.obj : error LNK2019: unresolved external symbol _simxSetJointTargetVelocity referenced in function "public: void __thiscall Vrep::execRobot(class Robot &)" (?execRobot@Vrep@@QAEXAAVRobot@@@Z)
Vrep.obj : error LNK2019: unresolved external symbol _simxSetJointTargetPosition referenced in function "public: void __thiscall Vrep::execRobot(class Robot &)" (?execRobot@Vrep@@QAEXAAVRobot@@@Z)
Vrep.obj : error LNK2019: unresolved external symbol _simxGetObjectHandle referenced in function "public: void __thiscall Vrep::init(void)" (?init@Vrep@@QAEXXZ)
Vrep.obj : error LNK2019: unresolved external symbol _simxStartSimulation referenced in function "private: void __thiscall Vrep::start(void)" (?start@Vrep@@AAEXXZ)
Vrep.obj : error LNK2019: unresolved external symbol _simxStopSimulation referenced in function "private: void __thiscall Vrep::stop(void)" (?stop@Vrep@@AAEXXZ)
Vrep.obj : error LNK2019: unresolved external symbol _simxGetObjectPosition referenced in function "private: void __thiscall Vrep::start(void)" (?start@Vrep@@AAEXXZ)
Vrep.obj : error LNK2019: unresolved external symbol _simxStart referenced in function "public: void __thiscall Vrep::init(void)" (?init@Vrep@@QAEXXZ)
Vrep.obj : error LNK2019: unresolved external symbol _simxFinish referenced in function "public: __thiscall Vrep::~Vrep(void)" (??1Vrep@@QAE@XZ)
C:\Users\marie\Documents\Visual Studio 2015\Projects\2weels1arm\Debug\2Whells1Arm.exe : fatal error LNK1120: 9 unresolved externals
